[2022-08-29T12:42:21.640624+00:00] skeleton-logger.INFO: 404 callback set. [] []
[2022-08-29T12:42:21.699358+00:00] skeleton-logger.INFO: Route added: GET / [] []
[2022-08-29T12:42:21.699612+00:00] skeleton-logger.INFO: Route added: GET /addcountry [] []
[2022-08-29T12:42:21.699853+00:00] skeleton-logger.INFO: Route added: POST /addcountry [] []
[2022-08-29T12:42:21.700076+00:00] skeleton-logger.INFO: Route added: GET /mongocrud [] []
[2022-08-29T12:42:21.700295+00:00] skeleton-logger.INFO: Route added: POST /mongocrud [] []
[2022-08-29T12:42:21.700513+00:00] skeleton-logger.INFO: Route added: GET /mycart [] []
[2022-08-29T12:42:21.702394+00:00] skeleton-logger.INFO: Route added: POST /mycart [] []
[2022-08-29T12:42:22.453906+00:00] skeleton-logger.INFO: No route match found. 404 callback executed. [] []
[2022-08-29T14:38:53.508706+00:00] skeleton-logger.INFO: 404 callback set. [] []
[2022-08-29T14:38:53.561778+00:00] skeleton-logger.INFO: Route added: GET / [] []
[2022-08-29T14:38:53.562061+00:00] skeleton-logger.INFO: Route added: GET /addcountry [] []
[2022-08-29T14:38:53.562348+00:00] skeleton-logger.INFO: Route added: POST /addcountry [] []
[2022-08-29T14:38:53.562628+00:00] skeleton-logger.INFO: Route added: GET /mongocrud [] []
[2022-08-29T14:38:53.562842+00:00] skeleton-logger.INFO: Route added: POST /mongocrud [] []
[2022-08-29T14:38:53.563054+00:00] skeleton-logger.INFO: Route added: GET /mycart [] []
[2022-08-29T14:38:53.563266+00:00] skeleton-logger.INFO: Route added: POST /mycart [] []
[2022-08-29T14:38:53.642786+00:00] skeleton-logger.INFO: No route match found. 404 callback executed. [] []
[2022-08-29T14:54:23.906779+00:00] skeleton-logger.INFO: 404 callback set. [] []
[2022-08-29T14:54:23.949225+00:00] skeleton-logger.INFO: Route added: GET / [] []
[2022-08-29T14:54:23.949484+00:00] skeleton-logger.INFO: Route added: GET /addcountry [] []
[2022-08-29T14:54:23.949743+00:00] skeleton-logger.INFO: Route added: POST /addcountry [] []
[2022-08-29T14:54:23.949987+00:00] skeleton-logger.INFO: Route added: GET /mongocrud [] []
[2022-08-29T14:54:23.950227+00:00] skeleton-logger.INFO: Route added: POST /mongocrud [] []
[2022-08-29T14:54:23.950468+00:00] skeleton-logger.INFO: Route added: GET /mycart [] []
[2022-08-29T14:54:23.950723+00:00] skeleton-logger.INFO: Route added: POST /mycart [] []
[2022-08-29T14:54:24.032796+00:00] skeleton-logger.INFO: No route match found. 404 callback executed. [] []
[2022-08-29T14:55:10.990976+00:00] skeleton-logger.INFO: 404 callback set. [] []
[2022-08-29T14:55:11.042672+00:00] skeleton-logger.INFO: Route added: GET / [] []
[2022-08-29T14:55:11.042918+00:00] skeleton-logger.INFO: Route added: GET /addcountry [] []
[2022-08-29T14:55:11.043156+00:00] skeleton-logger.INFO: Route added: POST /addcountry [] []
[2022-08-29T14:55:11.043397+00:00] skeleton-logger.INFO: Route added: GET /mongocrud [] []
[2022-08-29T14:55:11.043632+00:00] skeleton-logger.INFO: Route added: POST /mongocrud [] []
[2022-08-29T14:55:11.043870+00:00] skeleton-logger.INFO: Route added: GET /mycart [] []
[2022-08-29T14:55:11.044103+00:00] skeleton-logger.INFO: Route added: POST /mycart [] []
[2022-08-29T14:55:11.747465+00:00] skeleton-logger.INFO: Route match found: GET /mongocrud. Callback executed. [] []
[2022-08-29T14:55:21.087368+00:00] skeleton-logger.INFO: 404 callback set. [] []
[2022-08-29T14:55:21.129171+00:00] skeleton-logger.INFO: Route added: GET / [] []
[2022-08-29T14:55:21.129424+00:00] skeleton-logger.INFO: Route added: GET /addcountry [] []
[2022-08-29T14:55:21.129642+00:00] skeleton-logger.INFO: Route added: POST /addcountry [] []
[2022-08-29T14:55:21.129867+00:00] skeleton-logger.INFO: Route added: GET /mongocrud [] []
[2022-08-29T14:55:21.130080+00:00] skeleton-logger.INFO: Route added: POST /mongocrud [] []
[2022-08-29T14:55:21.130297+00:00] skeleton-logger.INFO: Route added: GET /mycart [] []
[2022-08-29T14:55:21.130507+00:00] skeleton-logger.INFO: Route added: POST /mycart [] []
[2022-08-29T14:55:21.316079+00:00] skeleton-logger.INFO: Route match found: POST /mongocrud. Callback executed. [] []
[2022-08-29T14:55:41.633772+00:00] skeleton-logger.INFO: 404 callback set. [] []
[2022-08-29T14:55:41.673691+00:00] skeleton-logger.INFO: Route added: GET / [] []
[2022-08-29T14:55:41.673935+00:00] skeleton-logger.INFO: Route added: GET /addcountry [] []
[2022-08-29T14:55:41.674169+00:00] skeleton-logger.INFO: Route added: POST /addcountry [] []
[2022-08-29T14:55:41.674469+00:00] skeleton-logger.INFO: Route added: GET /mongocrud [] []
[2022-08-29T14:55:41.674735+00:00] skeleton-logger.INFO: Route added: POST /mongocrud [] []
[2022-08-29T14:55:41.675037+00:00] skeleton-logger.INFO: Route added: GET /mycart [] []
[2022-08-29T14:55:41.675340+00:00] skeleton-logger.INFO: Route added: POST /mycart [] []
[2022-08-29T14:55:41.862477+00:00] skeleton-logger.INFO: Route match found: POST /mongocrud. Callback executed. [] []
[2022-08-29T14:55:42.303734+00:00] skeleton-logger.INFO: 404 callback set. [] []
[2022-08-29T14:55:42.343878+00:00] skeleton-logger.INFO: Route added: GET / [] []
[2022-08-29T14:55:42.344168+00:00] skeleton-logger.INFO: Route added: GET /addcountry [] []
[2022-08-29T14:55:42.344407+00:00] skeleton-logger.INFO: Route added: POST /addcountry [] []
[2022-08-29T14:55:42.344635+00:00] skeleton-logger.INFO: Route added: GET /mongocrud [] []
[2022-08-29T14:55:42.344859+00:00] skeleton-logger.INFO: Route added: POST /mongocrud [] []
[2022-08-29T14:55:42.345082+00:00] skeleton-logger.INFO: Route added: GET /mycart [] []
[2022-08-29T14:55:42.345300+00:00] skeleton-logger.INFO: Route added: POST /mycart [] []
[2022-08-29T14:55:42.518123+00:00] skeleton-logger.INFO: Route match found: POST /mongocrud. Callback executed. [] []
[2022-08-29T14:56:06.908393+00:00] skeleton-logger.INFO: 404 callback set. [] []
[2022-08-29T14:56:06.934252+00:00] skeleton-logger.INFO: Route added: GET / [] []
[2022-08-29T14:56:06.934492+00:00] skeleton-logger.INFO: Route added: GET /addcountry [] []
[2022-08-29T14:56:06.934725+00:00] skeleton-logger.INFO: Route added: POST /addcountry [] []
[2022-08-29T14:56:06.934960+00:00] skeleton-logger.INFO: Route added: GET /mongocrud [] []
[2022-08-29T14:56:06.935183+00:00] skeleton-logger.INFO: Route added: POST /mongocrud [] []
[2022-08-29T14:56:06.935405+00:00] skeleton-logger.INFO: Route added: GET /mycart [] []
[2022-08-29T14:56:06.935627+00:00] skeleton-logger.INFO: Route added: POST /mycart [] []
[2022-08-29T14:56:07.118165+00:00] skeleton-logger.INFO: Route match found: POST /mongocrud. Callback executed. [] []
[2022-08-29T14:59:14.471928+00:00] skeleton-logger.INFO: 404 callback set. [] []
[2022-08-29T14:59:14.513445+00:00] skeleton-logger.INFO: Route added: GET / [] []
[2022-08-29T14:59:14.513694+00:00] skeleton-logger.INFO: Route added: GET /addcountry [] []
[2022-08-29T14:59:14.513914+00:00] skeleton-logger.INFO: Route added: POST /addcountry [] []
[2022-08-29T14:59:14.514130+00:00] skeleton-logger.INFO: Route added: GET /mongocrud [] []
[2022-08-29T14:59:14.514338+00:00] skeleton-logger.INFO: Route added: POST /mongocrud [] []
[2022-08-29T14:59:14.514548+00:00] skeleton-logger.INFO: Route added: GET /mycart [] []
[2022-08-29T14:59:14.514769+00:00] skeleton-logger.INFO: Route added: POST /mycart [] []
[2022-08-29T14:59:15.363184+00:00] skeleton-logger.INFO: Route match found: POST /mongocrud. Callback executed. [] []
[2022-08-29T14:59:15.777399+00:00] skeleton-logger.INFO: 404 callback set. [] []
[2022-08-29T14:59:15.817194+00:00] skeleton-logger.INFO: Route added: GET / [] []
[2022-08-29T14:59:15.817430+00:00] skeleton-logger.INFO: Route added: GET /addcountry [] []
[2022-08-29T14:59:15.817665+00:00] skeleton-logger.INFO: Route added: POST /addcountry [] []
[2022-08-29T14:59:15.817887+00:00] skeleton-logger.INFO: Route added: GET /mongocrud [] []
[2022-08-29T14:59:15.818108+00:00] skeleton-logger.INFO: Route added: POST /mongocrud [] []
[2022-08-29T14:59:15.818329+00:00] skeleton-logger.INFO: Route added: GET /mycart [] []
[2022-08-29T14:59:15.818547+00:00] skeleton-logger.INFO: Route added: POST /mycart [] []
[2022-08-29T14:59:16.009620+00:00] skeleton-logger.INFO: Route match found: POST /mongocrud. Callback executed. [] []
[2022-08-29T15:02:03.115044+00:00] skeleton-logger.INFO: 404 callback set. [] []
[2022-08-29T15:02:03.168239+00:00] skeleton-logger.INFO: Route added: GET / [] []
[2022-08-29T15:02:03.168541+00:00] skeleton-logger.INFO: Route added: GET /addcountry [] []
[2022-08-29T15:02:03.168815+00:00] skeleton-logger.INFO: Route added: POST /addcountry [] []
[2022-08-29T15:02:03.169109+00:00] skeleton-logger.INFO: Route added: GET /mongocrud [] []
[2022-08-29T15:02:03.169368+00:00] skeleton-logger.INFO: Route added: POST /mongocrud [] []
[2022-08-29T15:02:03.169712+00:00] skeleton-logger.INFO: Route added: GET /mycart [] []
[2022-08-29T15:02:03.170007+00:00] skeleton-logger.INFO: Route added: POST /mycart [] []
[2022-08-29T15:04:02.033990+00:00] skeleton-logger.INFO: 404 callback set. [] []
[2022-08-29T15:04:02.073504+00:00] skeleton-logger.INFO: Route added: GET / [] []
[2022-08-29T15:04:02.073783+00:00] skeleton-logger.INFO: Route added: GET /addcountry [] []
[2022-08-29T15:04:02.074017+00:00] skeleton-logger.INFO: Route added: POST /addcountry [] []
[2022-08-29T15:04:02.074264+00:00] skeleton-logger.INFO: Route added: GET /mongocrud [] []
[2022-08-29T15:04:02.074492+00:00] skeleton-logger.INFO: Route added: POST /mongocrud [] []
[2022-08-29T15:04:02.074732+00:00] skeleton-logger.INFO: Route added: GET /mycart [] []
[2022-08-29T15:04:02.075029+00:00] skeleton-logger.INFO: Route added: POST /mycart [] []
[2022-08-29T15:05:51.590778+00:00] skeleton-logger.INFO: 404 callback set. [] []
[2022-08-29T15:05:51.637455+00:00] skeleton-logger.INFO: Route added: GET / [] []
[2022-08-29T15:05:51.637969+00:00] skeleton-logger.INFO: Route added: GET /addcountry [] []
[2022-08-29T15:05:51.638425+00:00] skeleton-logger.INFO: Route added: POST /addcountry [] []
[2022-08-29T15:05:51.638903+00:00] skeleton-logger.INFO: Route added: GET /mongocrud [] []
[2022-08-29T15:05:51.639381+00:00] skeleton-logger.INFO: Route added: POST /mongocrud [] []
[2022-08-29T15:05:51.639844+00:00] skeleton-logger.INFO: Route added: GET /mycart [] []
[2022-08-29T15:05:51.640250+00:00] skeleton-logger.INFO: Route added: POST /mycart [] []
[2022-08-29T15:05:51.731376+00:00] skeleton-logger.INFO: Route match found: GET /mongocrud. Callback executed. [] []
[2022-08-29T15:05:52.096337+00:00] skeleton-logger.INFO: 404 callback set. [] []
[2022-08-29T15:05:52.135191+00:00] skeleton-logger.INFO: Route added: GET / [] []
[2022-08-29T15:05:52.135436+00:00] skeleton-logger.INFO: Route added: GET /addcountry [] []
[2022-08-29T15:05:52.135665+00:00] skeleton-logger.INFO: Route added: POST /addcountry [] []
[2022-08-29T15:05:52.135908+00:00] skeleton-logger.INFO: Route added: GET /mongocrud [] []
[2022-08-29T15:05:52.136131+00:00] skeleton-logger.INFO: Route added: POST /mongocrud [] []
[2022-08-29T15:05:52.136354+00:00] skeleton-logger.INFO: Route added: GET /mycart [] []
[2022-08-29T15:05:52.136575+00:00] skeleton-logger.INFO: Route added: POST /mycart [] []
[2022-08-29T15:05:52.213805+00:00] skeleton-logger.INFO: Route match found: GET /mongocrud. Callback executed. [] []
[2022-08-29T15:06:02.798096+00:00] skeleton-logger.INFO: 404 callback set. [] []
[2022-08-29T15:06:02.846609+00:00] skeleton-logger.INFO: Route added: GET / [] []
[2022-08-29T15:06:02.846948+00:00] skeleton-logger.INFO: Route added: GET /addcountry [] []
[2022-08-29T15:06:02.847197+00:00] skeleton-logger.INFO: Route added: POST /addcountry [] []
[2022-08-29T15:06:02.847440+00:00] skeleton-logger.INFO: Route added: GET /mongocrud [] []
[2022-08-29T15:06:02.847682+00:00] skeleton-logger.INFO: Route added: POST /mongocrud [] []
[2022-08-29T15:06:02.847921+00:00] skeleton-logger.INFO: Route added: GET /mycart [] []
[2022-08-29T15:06:02.848144+00:00] skeleton-logger.INFO: Route added: POST /mycart [] []
[2022-08-29T15:08:00.164502+00:00] skeleton-logger.INFO: 404 callback set. [] []
[2022-08-29T15:08:00.205056+00:00] skeleton-logger.INFO: Route added: GET / [] []
[2022-08-29T15:08:00.205339+00:00] skeleton-logger.INFO: Route added: GET /addcountry [] []
[2022-08-29T15:08:00.205575+00:00] skeleton-logger.INFO: Route added: POST /addcountry [] []
[2022-08-29T15:08:00.205842+00:00] skeleton-logger.INFO: Route added: GET /mongocrud [] []
[2022-08-29T15:08:00.206069+00:00] skeleton-logger.INFO: Route added: POST /mongocrud [] []
[2022-08-29T15:08:00.206294+00:00] skeleton-logger.INFO: Route added: GET /mycart [] []
[2022-08-29T15:08:00.206529+00:00] skeleton-logger.INFO: Route added: POST /mycart [] []
[2022-08-29T15:08:00.292598+00:00] skeleton-logger.INFO: Route match found: GET /mongocrud. Callback executed. [] []
[2022-08-29T15:10:19.818787+00:00] skeleton-logger.INFO: 404 callback set. [] []
[2022-08-29T15:10:19.864578+00:00] skeleton-logger.INFO: Route added: GET / [] []
[2022-08-29T15:10:19.864878+00:00] skeleton-logger.INFO: Route added: GET /addcountry [] []
[2022-08-29T15:10:19.865184+00:00] skeleton-logger.INFO: Route added: POST /addcountry [] []
[2022-08-29T15:10:19.865512+00:00] skeleton-logger.INFO: Route added: GET /mongocrud [] []
[2022-08-29T15:10:19.865818+00:00] skeleton-logger.INFO: Route added: POST /mongocrud [] []
[2022-08-29T15:10:19.866089+00:00] skeleton-logger.INFO: Route added: GET /mycart [] []
[2022-08-29T15:10:19.866342+00:00] skeleton-logger.INFO: Route added: POST /mycart [] []
[2022-08-29T15:10:19.969500+00:00] skeleton-logger.INFO: Route match found: GET /mongocrud. Callback executed. [] []
[2022-08-29T15:10:31.165876+00:00] skeleton-logger.INFO: 404 callback set. [] []
[2022-08-29T15:10:31.206340+00:00] skeleton-logger.INFO: Route added: GET / [] []
[2022-08-29T15:10:31.206612+00:00] skeleton-logger.INFO: Route added: GET /addcountry [] []
[2022-08-29T15:10:31.206849+00:00] skeleton-logger.INFO: Route added: POST /addcountry [] []
[2022-08-29T15:10:31.207076+00:00] skeleton-logger.INFO: Route added: GET /mongocrud [] []
[2022-08-29T15:10:31.207302+00:00] skeleton-logger.INFO: Route added: POST /mongocrud [] []
[2022-08-29T15:10:31.207527+00:00] skeleton-logger.INFO: Route added: GET /mycart [] []
[2022-08-29T15:10:31.207765+00:00] skeleton-logger.INFO: Route added: POST /mycart [] []
[2022-08-29T15:11:38.398203+00:00] skeleton-logger.INFO: 404 callback set. [] []
[2022-08-29T15:11:38.444732+00:00] skeleton-logger.INFO: Route added: GET / [] []
[2022-08-29T15:11:38.445010+00:00] skeleton-logger.INFO: Route added: GET /addcountry [] []
[2022-08-29T15:11:38.445272+00:00] skeleton-logger.INFO: Route added: POST /addcountry [] []
[2022-08-29T15:11:38.445594+00:00] skeleton-logger.INFO: Route added: GET /mongocrud [] []
[2022-08-29T15:11:38.445905+00:00] skeleton-logger.INFO: Route added: POST /mongocrud [] []
[2022-08-29T15:11:38.446235+00:00] skeleton-logger.INFO: Route added: GET /mycart [] []
[2022-08-29T15:11:38.446526+00:00] skeleton-logger.INFO: Route added: POST /mycart [] []
[2022-08-29T15:11:38.545600+00:00] skeleton-logger.INFO: Route match found: GET /mongocrud. Callback executed. [] []
[2022-08-29T15:11:52.848270+00:00] skeleton-logger.INFO: 404 callback set. [] []
[2022-08-29T15:11:52.887977+00:00] skeleton-logger.INFO: Route added: GET / [] []
[2022-08-29T15:11:52.888222+00:00] skeleton-logger.INFO: Route added: GET /addcountry [] []
[2022-08-29T15:11:52.888499+00:00] skeleton-logger.INFO: Route added: POST /addcountry [] []
[2022-08-29T15:11:52.888757+00:00] skeleton-logger.INFO: Route added: GET /mongocrud [] []
[2022-08-29T15:11:52.889070+00:00] skeleton-logger.INFO: Route added: POST /mongocrud [] []
[2022-08-29T15:11:52.889304+00:00] skeleton-logger.INFO: Route added: GET /mycart [] []
[2022-08-29T15:11:52.889620+00:00] skeleton-logger.INFO: Route added: POST /mycart [] []
[2022-08-29T15:11:53.074556+00:00] skeleton-logger.INFO: Route match found: POST /mongocrud. Callback executed. [] []
[2022-08-29T15:13:01.242946+00:00] skeleton-logger.INFO: 404 callback set. [] []
[2022-08-29T15:13:01.284982+00:00] skeleton-logger.INFO: Route added: GET / [] []
[2022-08-29T15:13:01.285246+00:00] skeleton-logger.INFO: Route added: GET /addcountry [] []
[2022-08-29T15:13:01.285522+00:00] skeleton-logger.INFO: Route added: POST /addcountry [] []
[2022-08-29T15:13:01.285865+00:00] skeleton-logger.INFO: Route added: GET /mongocrud [] []
[2022-08-29T15:13:01.286145+00:00] skeleton-logger.INFO: Route added: POST /mongocrud [] []
[2022-08-29T15:13:01.286395+00:00] skeleton-logger.INFO: Route added: GET /mycart [] []
[2022-08-29T15:13:01.286627+00:00] skeleton-logger.INFO: Route added: POST /mycart [] []
[2022-08-29T15:13:01.478028+00:00] skeleton-logger.INFO: Route match found: POST /mongocrud. Callback executed. [] []
[2022-08-29T15:14:31.627371+00:00] skeleton-logger.INFO: 404 callback set. [] []
[2022-08-29T15:14:31.678335+00:00] skeleton-logger.INFO: Route added: GET / [] []
[2022-08-29T15:14:31.678623+00:00] skeleton-logger.INFO: Route added: GET /addcountry [] []
[2022-08-29T15:14:31.678857+00:00] skeleton-logger.INFO: Route added: POST /addcountry [] []
[2022-08-29T15:14:31.679131+00:00] skeleton-logger.INFO: Route added: GET /mongocrud [] []
[2022-08-29T15:14:31.679363+00:00] skeleton-logger.INFO: Route added: POST /mongocrud [] []
[2022-08-29T15:14:31.679636+00:00] skeleton-logger.INFO: Route added: GET /mycart [] []
[2022-08-29T15:14:31.679867+00:00] skeleton-logger.INFO: Route added: POST /mycart [] []
[2022-08-29T15:14:31.758724+00:00] skeleton-logger.INFO: Route match found: GET /mongocrud. Callback executed. [] []
[2022-08-29T15:14:53.880370+00:00] skeleton-logger.INFO: 404 callback set. [] []
[2022-08-29T15:14:53.921960+00:00] skeleton-logger.INFO: Route added: GET / [] []
[2022-08-29T15:14:53.922233+00:00] skeleton-logger.INFO: Route added: GET /addcountry [] []
[2022-08-29T15:14:53.922464+00:00] skeleton-logger.INFO: Route added: POST /addcountry [] []
[2022-08-29T15:14:53.922688+00:00] skeleton-logger.INFO: Route added: GET /mongocrud [] []
[2022-08-29T15:14:53.922909+00:00] skeleton-logger.INFO: Route added: POST /mongocrud [] []
[2022-08-29T15:14:53.923150+00:00] skeleton-logger.INFO: Route added: GET /mycart [] []
[2022-08-29T15:14:53.923373+00:00] skeleton-logger.INFO: Route added: POST /mycart [] []
[2022-08-29T15:14:54.034196+00:00] skeleton-logger.INFO: Route match found: POST /mongocrud. Callback executed. [] []
[2022-08-29T15:15:22.239173+00:00] skeleton-logger.INFO: 404 callback set. [] []
[2022-08-29T15:15:22.278261+00:00] skeleton-logger.INFO: Route added: GET / [] []
[2022-08-29T15:15:22.278576+00:00] skeleton-logger.INFO: Route added: GET /addcountry [] []
[2022-08-29T15:15:22.278910+00:00] skeleton-logger.INFO: Route added: POST /addcountry [] []
[2022-08-29T15:15:22.279142+00:00] skeleton-logger.INFO: Route added: GET /mongocrud [] []
[2022-08-29T15:15:22.279368+00:00] skeleton-logger.INFO: Route added: POST /mongocrud [] []
[2022-08-29T15:15:22.279591+00:00] skeleton-logger.INFO: Route added: GET /mycart [] []
[2022-08-29T15:15:22.279815+00:00] skeleton-logger.INFO: Route added: POST /mycart [] []
[2022-08-29T15:15:22.358389+00:00] skeleton-logger.INFO: Route match found: GET /mongocrud. Callback executed. [] []
[2022-08-30T06:03:49.085724+00:00] skeleton-logger.INFO: 404 callback set. [] []
[2022-08-30T06:03:49.126088+00:00] skeleton-logger.INFO: Route added: GET / [] []
[2022-08-30T06:03:49.126325+00:00] skeleton-logger.INFO: Route added: GET /addcountry [] []
[2022-08-30T06:03:49.126545+00:00] skeleton-logger.INFO: Route added: POST /addcountry [] []
[2022-08-30T06:03:49.126761+00:00] skeleton-logger.INFO: Route added: GET /mongocrud [] []
[2022-08-30T06:03:49.126979+00:00] skeleton-logger.INFO: Route added: POST /mongocrud [] []
[2022-08-30T06:03:49.127191+00:00] skeleton-logger.INFO: Route added: GET /mycart [] []
[2022-08-30T06:03:49.127419+00:00] skeleton-logger.INFO: Route added: POST /mycart [] []
[2022-08-30T06:03:49.665217+00:00] skeleton-logger.INFO: Route match found: GET /. Callback executed. [] []
[2022-08-30T06:03:53.669938+00:00] skeleton-logger.INFO: 404 callback set. [] []
[2022-08-30T06:03:53.711156+00:00] skeleton-logger.INFO: Route added: GET / [] []
[2022-08-30T06:03:53.711391+00:00] skeleton-logger.INFO: Route added: GET /addcountry [] []
[2022-08-30T06:03:53.711608+00:00] skeleton-logger.INFO: Route added: POST /addcountry [] []
[2022-08-30T06:03:53.711823+00:00] skeleton-logger.INFO: Route added: GET /mongocrud [] []
[2022-08-30T06:03:53.712076+00:00] skeleton-logger.INFO: Route added: POST /mongocrud [] []
[2022-08-30T06:03:53.712290+00:00] skeleton-logger.INFO: Route added: GET /mycart [] []
[2022-08-30T06:03:53.712499+00:00] skeleton-logger.INFO: Route added: POST /mycart [] []
[2022-08-30T06:03:53.783171+00:00] skeleton-logger.INFO: Route match found: GET /mongocrud. Callback executed. [] []
